<?xml version="1.0" encoding="UTF-8"?>
<!-- Generated by org.testng.reporters.JUnitXMLReporter -->
<testsuite ignored="0" hostname="DESKTOP-I5JEI3M" failures="1" tests="20" name="AddUserPageTest" time="331.528" errors="0" timestamp="2024-07-07T20:28:35 IST">
  <testcase classname="test.AddUserPageTest" name="verifyAddUser" time="14.185"/>
  <testcase classname="test.AddUserPageTest" name="verifyUserLoginWithNewlyaddeduser" time="13.727"/>
  <testcase classname="test.HomePageTest" name="verifyUserLoginDate" time="4.014"/>
  <testcase classname="test.LoginPageTest" name="verifyErrorMsgWhileLoginWithInvalidCredentials" time="1.292"/>
  <testcase classname="test.LoginPageTest" name="verifyErrorMsgWhileLoginWithInvalidCredentials" time="1.265"/>
  <testcase classname="test.LoginPageTest" name="verifyErrorMsgWhileLoginWithInvalidCredentials" time="1.406"/>
  <testcase classname="test.LoginPageTest" name="verifyLoginWithValidCredentials" time="2.894"/>
  <testcase classname="test.ProfilePageTest" name="verifyProfileUpdate" time="9.664"/>
  <testcase classname="test.ResetPageTest" name="verifyErrorMsgWithInvalidEmailId" time="2.262"/>
  <testcase classname="test.ResetPageTest" name="verifyPasswordResetwithValidEmailId" time="1.898"/>
  <testcase classname="test.ResetPageTest" name="verifyResetPageTitle" time="0.674"/>
  <testcase classname="test.UserManagementTest" name="verifyRolesFieldisEnabled" time="4.186"/>
  <testcase classname="test.UserManagementTest" name="verifySalesCommissionAgentFieldisEnabled" time="14.875"/>
  <testcase classname="test.UserManagementTest" name="verifyUsersFieldisEnabled" time="3.321"/>
  <testcase classname="test.UsersPageTest" name="verifyDeleteFunctionality" time="10.868"/>
  <testcase classname="test.UsersPageTest" name="verifyEditFunctionality" time="9.912"/>
  <testcase classname="test.UsersPageTest" name="verifyViewFunctionality" time="15.287">
    <skipped/>
  </testcase> <!-- verifyViewFunctionality -->
  <testcase classname="test.UsersPageTest" name="verifyViewFunctionality" time="14.85">
    <skipped/>
  </testcase> <!-- verifyViewFunctionality -->
  <testcase classname="test.UsersPageTest" name="verifyViewFunctionality" time="15.139">
    <skipped/>
  </testcase> <!-- verifyViewFunctionality -->
  <testcase classname="test.UsersPageTest" name="verifyViewFunctionality" time="15.084">
    <failure type="org.openqa.selenium.NoSuchElementException" message="no such element: Unable to locate element: {&amp;quot;method&amp;quot;:&amp;quot;xpath&amp;quot;,&amp;quot;selector&amp;quot;:&amp;quot;//h3[@class=&amp;apos;profile-username&amp;apos;]&amp;quot;}
  (Session info: chrome=126.0.6478.127)
For documentation on this error, please visit: https://www.selenium.dev/documentation/webdriver/troubleshooting/errors#no-such-element-exception
Build info: version: &amp;apos;4.18.1&amp;apos;, revision: &amp;apos;b1d3319b48&amp;apos;
System info: os.name: &amp;apos;Windows 10&amp;apos;, os.arch: &amp;apos;amd64&amp;apos;, os.version: &amp;apos;10.0&amp;apos;, java.version: &amp;apos;17.0.1&amp;apos;
Driver info: org.openqa.selenium.chrome.ChromeDriver
Command: [541b96de60ed948a8792a2e061a0f1f9, findElement {using=xpath, value=//h3[@class=&amp;apos;profile-username&amp;apos;]}]
Capabilities {acceptInsecureCerts: false, browserName: chrome, browserVersion: 126.0.6478.127, chrome: {chromedriverVersion: 126.0.6478.126 (d36ace6122e..., userDataDir: C:\Users\DELL\AppData\Local...}, fedcm:accounts: true, goog:chromeOptions: {debuggerAddress: localhost:65359}, networkConnectionEnabled: false, pageLoadStrategy: normal, platformName: windows, proxy: Proxy(), se:cdp: ws://localhost:65359/devtoo..., se:cdpVersion: 126.0.6478.127, setWindowRect: true, strictFileInteractability: false, timeouts: {implicit: 0, pageLoad: 300000, script: 30000}, unhandledPromptBehavior: dismiss and notify, webauthn:extension:credBlob: true, webauthn:extension:largeBlob: true, webauthn:extension:minPinLength: true, webauthn:extension:prf: true, webauthn:virtualAuthenticators: true}
Session ID: 541b96de60ed948a8792a2e061a0f1f9">
      <![CDATA[org.openqa.selenium.NoSuchElementException: no such element: Unable to locate element: {"method":"xpath","selector":"//h3[@class='profile-username']"}
  (Session info: chrome=126.0.6478.127)
For documentation on this error, please visit: https://www.selenium.dev/documentation/webdriver/troubleshooting/errors#no-such-element-exception
Build info: version: '4.18.1', revision: 'b1d3319b48'
System info: os.name: 'Windows 10', os.arch: 'amd64', os.version: '10.0', java.version: '17.0.1'
Driver info: org.openqa.selenium.chrome.ChromeDriver
Command: [541b96de60ed948a8792a2e061a0f1f9, findElement {using=xpath, value=//h3[@class='profile-username']}]
Capabilities {acceptInsecureCerts: false, browserName: chrome, browserVersion: 126.0.6478.127, chrome: {chromedriverVersion: 126.0.6478.126 (d36ace6122e..., userDataDir: C:\Users\DELL\AppData\Local...}, fedcm:accounts: true, goog:chromeOptions: {debuggerAddress: localhost:65359}, networkConnectionEnabled: false, pageLoadStrategy: normal, platformName: windows, proxy: Proxy(), se:cdp: ws://localhost:65359/devtoo..., se:cdpVersion: 126.0.6478.127, setWindowRect: true, strictFileInteractability: false, timeouts: {implicit: 0, pageLoad: 300000, script: 30000}, unhandledPromptBehavior: dismiss and notify, webauthn:extension:credBlob: true, webauthn:extension:largeBlob: true, webauthn:extension:minPinLength: true, webauthn:extension:prf: true, webauthn:virtualAuthenticators: true}
Session ID: 541b96de60ed948a8792a2e061a0f1f9
at org.openqa.selenium.remote.ErrorCodec.decode(ErrorCodec.java:167)
at org.openqa.selenium.remote.codec.w3c.W3CHttpResponseCodec.decode(W3CHttpResponseCodec.java:138)
at org.openqa.selenium.remote.codec.w3c.W3CHttpResponseCodec.decode(W3CHttpResponseCodec.java:50)
at org.openqa.selenium.remote.HttpCommandExecutor.execute(HttpCommandExecutor.java:190)
at org.openqa.selenium.remote.service.DriverCommandExecutor.invokeExecute(DriverCommandExecutor.java:216)
at org.openqa.selenium.remote.service.DriverCommandExecutor.execute(DriverCommandExecutor.java:174)
at org.openqa.selenium.remote.RemoteWebDriver.execute(RemoteWebDriver.java:519)
at org.openqa.selenium.remote.ElementLocation$ElementFinder$2.findElement(ElementLocation.java:165)
at org.openqa.selenium.remote.ElementLocation.findElement(ElementLocation.java:59)
at org.openqa.selenium.remote.RemoteWebDriver.findElement(RemoteWebDriver.java:356)
at org.openqa.selenium.remote.RemoteWebDriver.findElement(RemoteWebDriver.java:350)
at org.openqa.selenium.support.pagefactory.DefaultElementLocator.findElement(DefaultElementLocator.java:68)
at org.openqa.selenium.support.pagefactory.internal.LocatingElementHandler.invoke(LocatingElementHandler.java:38)
at jdk.proxy2/jdk.proxy2.$Proxy14.getText(Unknown Source)
at pageobject.UsersPage.getProfileUsername(UsersPage.java:83)
at test.UsersPageTest.verifyViewFunctionality(UsersPageTest.java:57)
at java.base/java.util.ArrayList.forEach(ArrayList.java:1511)
... Removed 32 stack frames]]>
    </failure>
  </testcase> <!-- verifyViewFunctionality -->
</testsuite> <!-- AddUserPageTest -->
