<?xml version="1.0" encoding="UTF-8"?>
<!-- Generated by org.testng.reporters.JUnitXMLReporter -->
<testsuite ignored="0" hostname="DESKTOP-I5JEI3M" failures="3" tests="26" name="TestReport" time="471.574" errors="0" timestamp="2024-07-02T10:31:03 IST">
  <testcase classname="test.LoginPageTest" name="verifyErrorMsgWhileLoginWithInvalidCredentials" time="3.618"/>
  <testcase classname="test.LoginPageTest" name="verifyErrorMsgWhileLoginWithInvalidCredentials" time="1.389"/>
  <testcase classname="test.LoginPageTest" name="verifyErrorMsgWhileLoginWithInvalidCredentials" time="1.356"/>
  <testcase classname="test.LoginPageTest" name="verifyLoginWithValidCredentials" time="3.887">
    <skipped/>
  </testcase> <!-- verifyLoginWithValidCredentials -->
  <testcase classname="test.LoginPageTest" name="verifyLoginWithValidCredentials" time="3.511">
    <skipped/>
  </testcase> <!-- verifyLoginWithValidCredentials -->
  <testcase classname="test.LoginPageTest" name="verifyLoginWithValidCredentials" time="4.166">
    <skipped/>
  </testcase> <!-- verifyLoginWithValidCredentials -->
  <testcase classname="test.LoginPageTest" name="verifyLoginWithValidCredentials" time="3.496">
    <failure type="java.lang.AssertionError" message="User Login with valid credentials failed expected [Welcome XYZ,] but found [Welcome admin,]">
      <![CDATA[java.lang.AssertionError: User Login with valid credentials failed expected [Welcome XYZ,] but found [Welcome admin,]
at test.LoginPageTest.verifyLoginWithValidCredentials(LoginPageTest.java:28)
at java.base/java.util.ArrayList.forEach(ArrayList.java:1511)
... Removed 32 stack frames]]>
    </failure>
  </testcase> <!-- verifyLoginWithValidCredentials -->
  <testcase classname="test.ResetPageTest" name="verifyErrorMsgWithInvalidEmailId" time="2.147"/>
  <testcase classname="test.ResetPageTest" name="verifyPasswordResetwithValidEmailId" time="2.445"/>
  <testcase classname="test.ResetPageTest" name="verifyResetPageTitle" time="0.944"/>
  <testcase classname="test.HomePageTest" name="verifyUserLoginDate" time="4.347"/>
  <testcase classname="test.UserManagementTest" name="verifyRolesFieldisEnabled" time="3.577"/>
  <testcase classname="test.UserManagementTest" name="verifySalesCommissionAgentFieldisEnabled" time="4.11"/>
  <testcase classname="test.UserManagementTest" name="verifyUsersFieldisEnabled" time="5.448"/>
  <testcase classname="test.ProfilePageTest" name="verifyProfileUpdate" time="7.081">
    <skipped/>
  </testcase> <!-- verifyProfileUpdate -->
  <testcase classname="test.ProfilePageTest" name="verifyProfileUpdate" time="5.154">
    <skipped/>
  </testcase> <!-- verifyProfileUpdate -->
  <testcase classname="test.ProfilePageTest" name="verifyProfileUpdate" time="4.634">
    <skipped/>
  </testcase> <!-- verifyProfileUpdate -->
  <testcase classname="test.ProfilePageTest" name="verifyProfileUpdate" time="5.75">
    <failure type="java.lang.AssertionError" message="Profile Updation failed expected [XYZ pqr] but found [admin pqr]">
      <![CDATA[java.lang.AssertionError: Profile Updation failed expected [XYZ pqr] but found [admin pqr]
at test.ProfilePageTest.verifyProfileUpdate(ProfilePageTest.java:35)
at java.base/java.util.ArrayList.forEach(ArrayList.java:1511)
... Removed 32 stack frames]]>
    </failure>
  </testcase> <!-- verifyProfileUpdate -->
  <testcase classname="test.AddUserPageTest" name="verifyAddUser" time="10.849"/>
  <testcase classname="test.AddUserPageTest" name="verifyUserLoginWithNewlyaddeduser" time="11.989"/>
  <testcase classname="test.UsersPageTest" name="verifyDeleteFunctionality" time="9.967"/>
  <testcase classname="test.UsersPageTest" name="verifyEditFunctionality" time="9.007"/>
  <testcase classname="test.UsersPageTest" name="verifyViewFunctionality" time="16.102">
    <skipped/>
  </testcase> <!-- verifyViewFunctionality -->
  <testcase classname="test.UsersPageTest" name="verifyViewFunctionality" time="15.388">
    <skipped/>
  </testcase> <!-- verifyViewFunctionality -->
  <testcase classname="test.UsersPageTest" name="verifyViewFunctionality" time="15.502">
    <skipped/>
  </testcase> <!-- verifyViewFunctionality -->
  <testcase classname="test.UsersPageTest" name="verifyViewFunctionality" time="15.685">
    <failure type="org.openqa.selenium.NoSuchElementException" message="no such element: Unable to locate element: {&amp;quot;method&amp;quot;:&amp;quot;xpath&amp;quot;,&amp;quot;selector&amp;quot;:&amp;quot;//h3[@class=&amp;apos;profile-username&amp;apos;]&amp;quot;}
  (Session info: chrome=126.0.6478.127)
For documentation on this error, please visit: https://www.selenium.dev/documentation/webdriver/troubleshooting/errors#no-such-element-exception
Build info: version: &amp;apos;4.18.1&amp;apos;, revision: &amp;apos;b1d3319b48&amp;apos;
System info: os.name: &amp;apos;Windows 10&amp;apos;, os.arch: &amp;apos;amd64&amp;apos;, os.version: &amp;apos;10.0&amp;apos;, java.version: &amp;apos;17.0.1&amp;apos;
Driver info: org.openqa.selenium.chrome.ChromeDriver
Command: [04fcc23077d0fc9d4f47bd738d278211, findElement {value=//h3[@class=&amp;apos;profile-username&amp;apos;], using=xpath}]
Capabilities {acceptInsecureCerts: false, browserName: chrome, browserVersion: 126.0.6478.127, chrome: {chromedriverVersion: 126.0.6478.126 (d36ace6122e..., userDataDir: C:\Users\DELL\AppData\Local...}, fedcm:accounts: true, goog:chromeOptions: {debuggerAddress: localhost:50909}, networkConnectionEnabled: false, pageLoadStrategy: normal, platformName: windows, proxy: Proxy(), se:cdp: ws://localhost:50909/devtoo..., se:cdpVersion: 126.0.6478.127, setWindowRect: true, strictFileInteractability: false, timeouts: {implicit: 0, pageLoad: 300000, script: 30000}, unhandledPromptBehavior: dismiss and notify, webauthn:extension:credBlob: true, webauthn:extension:largeBlob: true, webauthn:extension:minPinLength: true, webauthn:extension:prf: true, webauthn:virtualAuthenticators: true}
Session ID: 04fcc23077d0fc9d4f47bd738d278211">
      <![CDATA[org.openqa.selenium.NoSuchElementException: no such element: Unable to locate element: {"method":"xpath","selector":"//h3[@class='profile-username']"}
  (Session info: chrome=126.0.6478.127)
For documentation on this error, please visit: https://www.selenium.dev/documentation/webdriver/troubleshooting/errors#no-such-element-exception
Build info: version: '4.18.1', revision: 'b1d3319b48'
System info: os.name: 'Windows 10', os.arch: 'amd64', os.version: '10.0', java.version: '17.0.1'
Driver info: org.openqa.selenium.chrome.ChromeDriver
Command: [04fcc23077d0fc9d4f47bd738d278211, findElement {value=//h3[@class='profile-username'], using=xpath}]
Capabilities {acceptInsecureCerts: false, browserName: chrome, browserVersion: 126.0.6478.127, chrome: {chromedriverVersion: 126.0.6478.126 (d36ace6122e..., userDataDir: C:\Users\DELL\AppData\Local...}, fedcm:accounts: true, goog:chromeOptions: {debuggerAddress: localhost:50909}, networkConnectionEnabled: false, pageLoadStrategy: normal, platformName: windows, proxy: Proxy(), se:cdp: ws://localhost:50909/devtoo..., se:cdpVersion: 126.0.6478.127, setWindowRect: true, strictFileInteractability: false, timeouts: {implicit: 0, pageLoad: 300000, script: 30000}, unhandledPromptBehavior: dismiss and notify, webauthn:extension:credBlob: true, webauthn:extension:largeBlob: true, webauthn:extension:minPinLength: true, webauthn:extension:prf: true, webauthn:virtualAuthenticators: true}
Session ID: 04fcc23077d0fc9d4f47bd738d278211
at org.openqa.selenium.remote.ErrorCodec.decode(ErrorCodec.java:167)
at org.openqa.selenium.remote.codec.w3c.W3CHttpResponseCodec.decode(W3CHttpResponseCodec.java:138)
at org.openqa.selenium.remote.codec.w3c.W3CHttpResponseCodec.decode(W3CHttpResponseCodec.java:50)
at org.openqa.selenium.remote.HttpCommandExecutor.execute(HttpCommandExecutor.java:190)
at org.openqa.selenium.remote.service.DriverCommandExecutor.invokeExecute(DriverCommandExecutor.java:216)
at org.openqa.selenium.remote.service.DriverCommandExecutor.execute(DriverCommandExecutor.java:174)
at org.openqa.selenium.remote.RemoteWebDriver.execute(RemoteWebDriver.java:519)
at org.openqa.selenium.remote.ElementLocation$ElementFinder$2.findElement(ElementLocation.java:165)
at org.openqa.selenium.remote.ElementLocation.findElement(ElementLocation.java:59)
at org.openqa.selenium.remote.RemoteWebDriver.findElement(RemoteWebDriver.java:356)
at org.openqa.selenium.remote.RemoteWebDriver.findElement(RemoteWebDriver.java:350)
at org.openqa.selenium.support.pagefactory.DefaultElementLocator.findElement(DefaultElementLocator.java:68)
at org.openqa.selenium.support.pagefactory.internal.LocatingElementHandler.invoke(LocatingElementHandler.java:38)
at jdk.proxy2/jdk.proxy2.$Proxy15.getText(Unknown Source)
at pageobject.UsersPage.getProfileUsername(UsersPage.java:83)
at test.UsersPageTest.verifyViewFunctionality(UsersPageTest.java:57)
at java.base/java.util.ArrayList.forEach(ArrayList.java:1511)
... Removed 32 stack frames]]>
    </failure>
  </testcase> <!-- verifyViewFunctionality -->
</testsuite> <!-- TestReport -->
